{"D:\\UNIVALLE\\2023-I\\Desarrollo II\\Project\\frontend-hotel-nexus\\src\\App.jsx": {"path":"D:\\UNIVALLE\\2023-I\\Desarrollo II\\Project\\frontend-hotel-nexus\\src\\App.jsx","statementMap":{"0":{"start":{"line":11,"column":2},"end":{"line":25,"column":3}}},"fnMap":{"0":{"name":"App","decl":{"start":{"line":10,"column":9},"end":{"line":10,"column":12}},"loc":{"start":{"line":10,"column":15},"end":{"line":26,"column":1}},"line":10}},"branchMap":{},"s":{"0":3},"f":{"0":3},"b":{},"_coverageSchema":"1a1c01bbd47fc00a2c39e90264f33305004495a9","hash":"e2fe0611031f6e99b1f610f535dbd2b9fc6f3dbc"}
,"D:\\UNIVALLE\\2023-I\\Desarrollo II\\Project\\frontend-hotel-nexus\\src\\main.jsx": {"path":"D:\\UNIVALLE\\2023-I\\Desarrollo II\\Project\\frontend-hotel-nexus\\src\\main.jsx","statementMap":{"0":{"start":{"line":11,"column":0},"end":{"line":11,"column":24}},"1":{"start":{"line":13,"column":0},"end":{"line":23,"column":2}}},"fnMap":{},"branchMap":{},"s":{"0":0,"1":0},"f":{},"b":{}}
,"D:\\UNIVALLE\\2023-I\\Desarrollo II\\Project\\frontend-hotel-nexus\\src\\components\\buttonIcon\\ButtonIcon.jsx": {"path":"D:\\UNIVALLE\\2023-I\\Desarrollo II\\Project\\frontend-hotel-nexus\\src\\components\\buttonIcon\\ButtonIcon.jsx","statementMap":{"0":{"start":{"line":9,"column":19},"end":{"line":33,"column":1}},"1":{"start":{"line":10,"column":19},"end":{"line":10,"column":32}},"2":{"start":{"line":11,"column":20},"end":{"line":11,"column":36}},"3":{"start":{"line":12,"column":18},"end":{"line":12,"column":37}},"4":{"start":{"line":14,"column":2},"end":{"line":32,"column":4}},"5":{"start":{"line":19,"column":8},"end":{"line":19,"column":67}},"6":{"start":{"line":20,"column":8},"end":{"line":26,"column":13}}},"fnMap":{"0":{"name":"(anonymous_0)","decl":{"start":{"line":9,"column":19},"end":{"line":9,"column":20}},"loc":{"start":{"line":9,"column":45},"end":{"line":33,"column":1}},"line":9},"1":{"name":"(anonymous_1)","decl":{"start":{"line":18,"column":15},"end":{"line":18,"column":16}},"loc":{"start":{"line":18,"column":21},"end":{"line":27,"column":7}},"line":18}},"branchMap":{"0":{"loc":{"start":{"line":19,"column":8},"end":{"line":19,"column":66}},"type":"cond-expr","locations":[{"start":{"line":19,"column":29},"end":{"line":19,"column":49}},{"start":{"line":19,"column":52},"end":{"line":19,"column":66}}],"line":19},"1":{"loc":{"start":{"line":20,"column":8},"end":{"line":26,"column":12}},"type":"binary-expr","locations":[{"start":{"line":20,"column":8},"end":{"line":20,"column":20}},{"start":{"line":21,"column":10},"end":{"line":26,"column":12}}],"line":20}},"s":{"0":6,"1":3,"2":3,"3":3,"4":3,"5":1,"6":1},"f":{"0":3,"1":1},"b":{"0":[0,1],"1":[1,0]},"_coverageSchema":"1a1c01bbd47fc00a2c39e90264f33305004495a9","hash":"079218d4fcd1b83ef7f26498b0dfd26a269630d9"}
,"D:\\UNIVALLE\\2023-I\\Desarrollo II\\Project\\frontend-hotel-nexus\\src\\components\\cardInformation\\CardInformation.jsx": {"path":"D:\\UNIVALLE\\2023-I\\Desarrollo II\\Project\\frontend-hotel-nexus\\src\\components\\cardInformation\\CardInformation.jsx","statementMap":{"0":{"start":{"line":6,"column":2},"end":{"line":17,"column":4}}},"fnMap":{"0":{"name":"CardInformation","decl":{"start":{"line":5,"column":9},"end":{"line":5,"column":24}},"loc":{"start":{"line":5,"column":47},"end":{"line":18,"column":1}},"line":5}},"branchMap":{},"s":{"0":11},"f":{"0":11},"b":{},"_coverageSchema":"1a1c01bbd47fc00a2c39e90264f33305004495a9","hash":"e6a4618d290fa53f0cc6f3d36f4b7e35294a49ad"}
,"D:\\UNIVALLE\\2023-I\\Desarrollo II\\Project\\frontend-hotel-nexus\\src\\components\\cardMenu\\CardMenu.jsx": {"path":"D:\\UNIVALLE\\2023-I\\Desarrollo II\\Project\\frontend-hotel-nexus\\src\\components\\cardMenu\\CardMenu.jsx","statementMap":{"0":{"start":{"line":4,"column":17},"end":{"line":28,"column":1}},"1":{"start":{"line":5,"column":19},"end":{"line":5,"column":32}},"2":{"start":{"line":7,"column":2},"end":{"line":27,"column":4}},"3":{"start":{"line":12,"column":8},"end":{"line":12,"column":23}}},"fnMap":{"0":{"name":"(anonymous_0)","decl":{"start":{"line":4,"column":17},"end":{"line":4,"column":18}},"loc":{"start":{"line":4,"column":73},"end":{"line":28,"column":1}},"line":4},"1":{"name":"(anonymous_1)","decl":{"start":{"line":11,"column":15},"end":{"line":11,"column":16}},"loc":{"start":{"line":11,"column":21},"end":{"line":13,"column":7}},"line":11}},"branchMap":{"0":{"loc":{"start":{"line":18,"column":34},"end":{"line":18,"column":68}},"type":"cond-expr","locations":[{"start":{"line":18,"column":52},"end":{"line":18,"column":57}},{"start":{"line":18,"column":60},"end":{"line":18,"column":68}}],"line":18}},"s":{"0":3,"1":3,"2":3,"3":1},"f":{"0":3,"1":1},"b":{"0":[0,3]},"_coverageSchema":"1a1c01bbd47fc00a2c39e90264f33305004495a9","hash":"33e4e77eff31403429b3184ab590e9867970ea73"}
,"D:\\UNIVALLE\\2023-I\\Desarrollo II\\Project\\frontend-hotel-nexus\\src\\components\\header\\Header.jsx": {"path":"D:\\UNIVALLE\\2023-I\\Desarrollo II\\Project\\frontend-hotel-nexus\\src\\components\\header\\Header.jsx","statementMap":{"0":{"start":{"line":3,"column":15},"end":{"line":28,"column":1}},"1":{"start":{"line":4,"column":2},"end":{"line":27,"column":4}}},"fnMap":{"0":{"name":"(anonymous_0)","decl":{"start":{"line":3,"column":15},"end":{"line":3,"column":16}},"loc":{"start":{"line":3,"column":40},"end":{"line":28,"column":1}},"line":3}},"branchMap":{},"s":{"0":5,"1":1},"f":{"0":1},"b":{},"_coverageSchema":"1a1c01bbd47fc00a2c39e90264f33305004495a9","hash":"a5b6677484e406aafa5029775add3e3abbc87631"}
,"D:\\UNIVALLE\\2023-I\\Desarrollo II\\Project\\frontend-hotel-nexus\\src\\components\\imageSlider\\ImageSlider.jsx": {"path":"D:\\UNIVALLE\\2023-I\\Desarrollo II\\Project\\frontend-hotel-nexus\\src\\components\\imageSlider\\ImageSlider.jsx","statementMap":{"0":{"start":{"line":11,"column":15},"end":{"line":11,"column":45}},"1":{"start":{"line":13,"column":20},"end":{"line":78,"column":1}},"2":{"start":{"line":14,"column":28},"end":{"line":14,"column":39}},"3":{"start":{"line":16,"column":2},"end":{"line":77,"column":4}},"4":{"start":{"line":28,"column":16},"end":{"line":32,"column":17}},"5":{"start":{"line":29,"column":18},"end":{"line":29,"column":30}},"6":{"start":{"line":31,"column":18},"end":{"line":31,"column":37}},"7":{"start":{"line":39,"column":16},"end":{"line":43,"column":17}},"8":{"start":{"line":40,"column":18},"end":{"line":40,"column":30}},"9":{"start":{"line":42,"column":18},"end":{"line":42,"column":37}},"10":{"start":{"line":50,"column":16},"end":{"line":50,"column":28}},"11":{"start":{"line":55,"column":16},"end":{"line":55,"column":28}},"12":{"start":{"line":60,"column":16},"end":{"line":60,"column":28}},"13":{"start":{"line":65,"column":16},"end":{"line":65,"column":28}},"14":{"start":{"line":70,"column":16},"end":{"line":70,"column":28}}},"fnMap":{"0":{"name":"(anonymous_0)","decl":{"start":{"line":13,"column":20},"end":{"line":13,"column":21}},"loc":{"start":{"line":13,"column":26},"end":{"line":78,"column":1}},"line":13},"1":{"name":"(anonymous_1)","decl":{"start":{"line":27,"column":23},"end":{"line":27,"column":24}},"loc":{"start":{"line":27,"column":29},"end":{"line":33,"column":15}},"line":27},"2":{"name":"(anonymous_2)","decl":{"start":{"line":38,"column":23},"end":{"line":38,"column":24}},"loc":{"start":{"line":38,"column":29},"end":{"line":44,"column":15}},"line":38},"3":{"name":"(anonymous_3)","decl":{"start":{"line":49,"column":23},"end":{"line":49,"column":24}},"loc":{"start":{"line":49,"column":29},"end":{"line":51,"column":15}},"line":49},"4":{"name":"(anonymous_4)","decl":{"start":{"line":54,"column":23},"end":{"line":54,"column":24}},"loc":{"start":{"line":54,"column":29},"end":{"line":56,"column":15}},"line":54},"5":{"name":"(anonymous_5)","decl":{"start":{"line":59,"column":23},"end":{"line":59,"column":24}},"loc":{"start":{"line":59,"column":29},"end":{"line":61,"column":15}},"line":59},"6":{"name":"(anonymous_6)","decl":{"start":{"line":64,"column":23},"end":{"line":64,"column":24}},"loc":{"start":{"line":64,"column":29},"end":{"line":66,"column":15}},"line":64},"7":{"name":"(anonymous_7)","decl":{"start":{"line":69,"column":23},"end":{"line":69,"column":24}},"loc":{"start":{"line":69,"column":29},"end":{"line":71,"column":15}},"line":69}},"branchMap":{"0":{"loc":{"start":{"line":28,"column":16},"end":{"line":32,"column":17}},"type":"if","locations":[{"start":{"line":28,"column":16},"end":{"line":32,"column":17}},{"start":{"line":30,"column":23},"end":{"line":32,"column":17}}],"line":28},"1":{"loc":{"start":{"line":39,"column":16},"end":{"line":43,"column":17}},"type":"if","locations":[{"start":{"line":39,"column":16},"end":{"line":43,"column":17}},{"start":{"line":41,"column":23},"end":{"line":43,"column":17}}],"line":39}},"s":{"0":4,"1":4,"2":10,"3":10,"4":0,"5":0,"6":0,"7":0,"8":0,"9":0,"10":0,"11":0,"12":0,"13":0,"14":0},"f":{"0":10,"1":0,"2":0,"3":0,"4":0,"5":0,"6":0,"7":0},"b":{"0":[0,0],"1":[0,0]},"_coverageSchema":"1a1c01bbd47fc00a2c39e90264f33305004495a9","hash":"cbe98775da303547ae45cb5bf8f58a1fce16db8f"}
,"D:\\UNIVALLE\\2023-I\\Desarrollo II\\Project\\frontend-hotel-nexus\\src\\components\\loader\\Loader.jsx": {"path":"D:\\UNIVALLE\\2023-I\\Desarrollo II\\Project\\frontend-hotel-nexus\\src\\components\\loader\\Loader.jsx","statementMap":{"0":{"start":{"line":3,"column":15},"end":{"line":9,"column":1}},"1":{"start":{"line":4,"column":2},"end":{"line":8,"column":4}}},"fnMap":{"0":{"name":"(anonymous_0)","decl":{"start":{"line":3,"column":15},"end":{"line":3,"column":16}},"loc":{"start":{"line":3,"column":21},"end":{"line":9,"column":1}},"line":3}},"branchMap":{},"s":{"0":3,"1":1},"f":{"0":1},"b":{},"_coverageSchema":"1a1c01bbd47fc00a2c39e90264f33305004495a9","hash":"704433fc5848b677875c0f84c82cef332f5dc339"}
,"D:\\UNIVALLE\\2023-I\\Desarrollo II\\Project\\frontend-hotel-nexus\\src\\components\\navDrawer\\NavDrawer.jsx": {"path":"D:\\UNIVALLE\\2023-I\\Desarrollo II\\Project\\frontend-hotel-nexus\\src\\components\\navDrawer\\NavDrawer.jsx","statementMap":{"0":{"start":{"line":5,"column":18},"end":{"line":25,"column":1}},"1":{"start":{"line":6,"column":19},"end":{"line":6,"column":32}},"2":{"start":{"line":8,"column":2},"end":{"line":24,"column":4}},"3":{"start":{"line":15,"column":10},"end":{"line":20,"column":12}},"4":{"start":{"line":18,"column":81},"end":{"line":18,"column":100}}},"fnMap":{"0":{"name":"(anonymous_0)","decl":{"start":{"line":5,"column":18},"end":{"line":5,"column":19}},"loc":{"start":{"line":5,"column":36},"end":{"line":25,"column":1}},"line":5},"1":{"name":"(anonymous_1)","decl":{"start":{"line":14,"column":22},"end":{"line":14,"column":23}},"loc":{"start":{"line":14,"column":32},"end":{"line":21,"column":9}},"line":14},"2":{"name":"(anonymous_2)","decl":{"start":{"line":18,"column":74},"end":{"line":18,"column":75}},"loc":{"start":{"line":18,"column":80},"end":{"line":18,"column":101}},"line":18}},"branchMap":{},"s":{"0":5,"1":3,"2":3,"3":4,"4":1},"f":{"0":3,"1":4,"2":1},"b":{},"_coverageSchema":"1a1c01bbd47fc00a2c39e90264f33305004495a9","hash":"3c4c943deed01667144dd7b657bb3eb59bbcaa2b"}
,"D:\\UNIVALLE\\2023-I\\Desarrollo II\\Project\\frontend-hotel-nexus\\src\\components\\navbar\\Navbar.jsx": {"path":"D:\\UNIVALLE\\2023-I\\Desarrollo II\\Project\\frontend-hotel-nexus\\src\\components\\navbar\\Navbar.jsx","statementMap":{"0":{"start":{"line":16,"column":15},"end":{"line":96,"column":1}},"1":{"start":{"line":17,"column":26},"end":{"line":17,"column":41}},"2":{"start":{"line":18,"column":22},"end":{"line":18,"column":56}},"3":{"start":{"line":19,"column":20},"end":{"line":19,"column":46}},"4":{"start":{"line":20,"column":19},"end":{"line":20,"column":32}},"5":{"start":{"line":22,"column":23},"end":{"line":25,"column":3}},"6":{"start":{"line":27,"column":2},"end":{"line":95,"column":4}},"7":{"start":{"line":46,"column":12},"end":{"line":46,"column":26}},"8":{"start":{"line":52,"column":14},"end":{"line":62,"column":16}},"9":{"start":{"line":57,"column":20},"end":{"line":57,"column":40}},"10":{"start":{"line":68,"column":16},"end":{"line":70,"column":46}},"11":{"start":{"line":80,"column":27},"end":{"line":80,"column":40}},"12":{"start":{"line":88,"column":23},"end":{"line":88,"column":37}}},"fnMap":{"0":{"name":"(anonymous_0)","decl":{"start":{"line":16,"column":15},"end":{"line":16,"column":16}},"loc":{"start":{"line":16,"column":21},"end":{"line":96,"column":1}},"line":16},"1":{"name":"(anonymous_1)","decl":{"start":{"line":45,"column":19},"end":{"line":45,"column":20}},"loc":{"start":{"line":45,"column":25},"end":{"line":47,"column":11}},"line":45},"2":{"name":"(anonymous_2)","decl":{"start":{"line":51,"column":30},"end":{"line":51,"column":31}},"loc":{"start":{"line":51,"column":40},"end":{"line":63,"column":13}},"line":51},"3":{"name":"(anonymous_3)","decl":{"start":{"line":56,"column":27},"end":{"line":56,"column":28}},"loc":{"start":{"line":56,"column":33},"end":{"line":58,"column":19}},"line":56},"4":{"name":"(anonymous_4)","decl":{"start":{"line":67,"column":23},"end":{"line":67,"column":24}},"loc":{"start":{"line":67,"column":29},"end":{"line":71,"column":15}},"line":67},"5":{"name":"(anonymous_5)","decl":{"start":{"line":80,"column":21},"end":{"line":80,"column":22}},"loc":{"start":{"line":80,"column":27},"end":{"line":80,"column":40}},"line":80},"6":{"name":"(anonymous_6)","decl":{"start":{"line":88,"column":17},"end":{"line":88,"column":18}},"loc":{"start":{"line":88,"column":23},"end":{"line":88,"column":37}},"line":88}},"branchMap":{"0":{"loc":{"start":{"line":35,"column":31},"end":{"line":35,"column":58}},"type":"cond-expr","locations":[{"start":{"line":35,"column":45},"end":{"line":35,"column":50}},{"start":{"line":35,"column":53},"end":{"line":35,"column":58}}],"line":35},"1":{"loc":{"start":{"line":40,"column":31},"end":{"line":40,"column":60}},"type":"cond-expr","locations":[{"start":{"line":40,"column":45},"end":{"line":40,"column":51}},{"start":{"line":40,"column":54},"end":{"line":40,"column":60}}],"line":40},"2":{"loc":{"start":{"line":49,"column":9},"end":{"line":82,"column":9}},"type":"cond-expr","locations":[{"start":{"line":50,"column":10},"end":{"line":73,"column":16}},{"start":{"line":75,"column":10},"end":{"line":81,"column":12}}],"line":49},"3":{"loc":{"start":{"line":68,"column":16},"end":{"line":70,"column":45}},"type":"cond-expr","locations":[{"start":{"line":69,"column":20},"end":{"line":69,"column":45}},{"start":{"line":70,"column":20},"end":{"line":70,"column":45}}],"line":68}},"s":{"0":4,"1":6,"2":6,"3":6,"4":5,"5":5,"6":5,"7":0,"8":0,"9":0,"10":0,"11":0,"12":0},"f":{"0":6,"1":0,"2":0,"3":0,"4":0,"5":0,"6":0},"b":{"0":[0,5],"1":[0,5],"2":[0,5],"3":[0,0]},"_coverageSchema":"1a1c01bbd47fc00a2c39e90264f33305004495a9","hash":"8f9ae2c0271c5e920894fd94256a1e7adbbfefea"}
,"D:\\UNIVALLE\\2023-I\\Desarrollo II\\Project\\frontend-hotel-nexus\\src\\components\\settings\\Settings.jsx": {"path":"D:\\UNIVALLE\\2023-I\\Desarrollo II\\Project\\frontend-hotel-nexus\\src\\components\\settings\\Settings.jsx","statementMap":{"0":{"start":{"line":11,"column":17},"end":{"line":47,"column":1}},"1":{"start":{"line":12,"column":26},"end":{"line":12,"column":41}},"2":{"start":{"line":13,"column":20},"end":{"line":13,"column":46}},"3":{"start":{"line":14,"column":18},"end":{"line":14,"column":37}},"4":{"start":{"line":15,"column":15},"end":{"line":15,"column":36}},"5":{"start":{"line":17,"column":2},"end":{"line":46,"column":4}},"6":{"start":{"line":22,"column":10},"end":{"line":22,"column":25}}},"fnMap":{"0":{"name":"(anonymous_0)","decl":{"start":{"line":11,"column":17},"end":{"line":11,"column":18}},"loc":{"start":{"line":11,"column":23},"end":{"line":47,"column":1}},"line":11},"1":{"name":"(anonymous_1)","decl":{"start":{"line":21,"column":17},"end":{"line":21,"column":18}},"loc":{"start":{"line":21,"column":23},"end":{"line":23,"column":9}},"line":21}},"branchMap":{"0":{"loc":{"start":{"line":20,"column":22},"end":{"line":20,"column":63}},"type":"cond-expr","locations":[{"start":{"line":20,"column":29},"end":{"line":20,"column":48}},{"start":{"line":20,"column":51},"end":{"line":20,"column":63}}],"line":20},"1":{"loc":{"start":{"line":25,"column":25},"end":{"line":25,"column":58}},"type":"cond-expr","locations":[{"start":{"line":25,"column":32},"end":{"line":25,"column":49}},{"start":{"line":25,"column":52},"end":{"line":25,"column":58}}],"line":25},"2":{"loc":{"start":{"line":36,"column":20},"end":{"line":36,"column":58}},"type":"cond-expr","locations":[{"start":{"line":36,"column":45},"end":{"line":36,"column":53}},{"start":{"line":36,"column":56},"end":{"line":36,"column":58}}],"line":36}},"s":{"0":5,"1":1,"2":1,"3":0,"4":0,"5":0,"6":0},"f":{"0":1,"1":0},"b":{"0":[0,0],"1":[0,0],"2":[0,0]},"_coverageSchema":"1a1c01bbd47fc00a2c39e90264f33305004495a9","hash":"648fdccfef87f24c899003da6b7ce822edd4fe8b"}
,"D:\\UNIVALLE\\2023-I\\Desarrollo II\\Project\\frontend-hotel-nexus\\src\\context\\Context.jsx": {"path":"D:\\UNIVALLE\\2023-I\\Desarrollo II\\Project\\frontend-hotel-nexus\\src\\context\\Context.jsx","statementMap":{"0":{"start":{"line":2,"column":23},"end":{"line":2,"column":40}},"1":{"start":{"line":5,"column":13},"end":{"line":10,"column":3}},"2":{"start":{"line":11,"column":34},"end":{"line":11,"column":48}},"3":{"start":{"line":12,"column":2},"end":{"line":16,"column":4}}},"fnMap":{"0":{"name":"ContextProvider","decl":{"start":{"line":4,"column":24},"end":{"line":4,"column":39}},"loc":{"start":{"line":4,"column":54},"end":{"line":17,"column":1}},"line":4}},"branchMap":{},"s":{"0":8,"1":3,"2":3,"3":3},"f":{"0":3},"b":{},"_coverageSchema":"1a1c01bbd47fc00a2c39e90264f33305004495a9","hash":"8393ceae882e5aa1c3a857b9943ec4c66a0fba43"}
,"D:\\UNIVALLE\\2023-I\\Desarrollo II\\Project\\frontend-hotel-nexus\\src\\functions\\changeLanguage.js": {"path":"D:\\UNIVALLE\\2023-I\\Desarrollo II\\Project\\frontend-hotel-nexus\\src\\functions\\changeLanguage.js","statementMap":{"0":{"start":{"line":2,"column":2},"end":{"line":4,"column":32}}},"fnMap":{"0":{"name":"changeLanguage","decl":{"start":{"line":1,"column":16},"end":{"line":1,"column":30}},"loc":{"start":{"line":1,"column":37},"end":{"line":5,"column":1}},"line":1}},"branchMap":{"0":{"loc":{"start":{"line":2,"column":2},"end":{"line":4,"column":31}},"type":"cond-expr","locations":[{"start":{"line":3,"column":6},"end":{"line":3,"column":31}},{"start":{"line":4,"column":6},"end":{"line":4,"column":31}}],"line":2}},"s":{"0":0},"f":{"0":0},"b":{"0":[0,0]},"_coverageSchema":"1a1c01bbd47fc00a2c39e90264f33305004495a9","hash":"c820d2757d142f2060b4d1961774ded28d2ab576"}
,"D:\\UNIVALLE\\2023-I\\Desarrollo II\\Project\\frontend-hotel-nexus\\src\\hooks\\useFetch.js": {"path":"D:\\UNIVALLE\\2023-I\\Desarrollo II\\Project\\frontend-hotel-nexus\\src\\hooks\\useFetch.js","statementMap":{"0":{"start":{"line":4,"column":26},"end":{"line":4,"column":40}},"1":{"start":{"line":5,"column":32},"end":{"line":5,"column":46}},"2":{"start":{"line":6,"column":28},"end":{"line":6,"column":42}},"3":{"start":{"line":8,"column":2},"end":{"line":21,"column":9}},"4":{"start":{"line":9,"column":4},"end":{"line":9,"column":21}},"5":{"start":{"line":10,"column":4},"end":{"line":20,"column":40}},"6":{"start":{"line":17,"column":26},"end":{"line":17,"column":41}},"7":{"start":{"line":18,"column":22},"end":{"line":18,"column":35}},"8":{"start":{"line":19,"column":24},"end":{"line":19,"column":39}},"9":{"start":{"line":20,"column":21},"end":{"line":20,"column":38}},"10":{"start":{"line":22,"column":2},"end":{"line":22,"column":34}}},"fnMap":{"0":{"name":"useFetch","decl":{"start":{"line":3,"column":16},"end":{"line":3,"column":24}},"loc":{"start":{"line":3,"column":37},"end":{"line":23,"column":1}},"line":3},"1":{"name":"(anonymous_1)","decl":{"start":{"line":8,"column":12},"end":{"line":8,"column":13}},"loc":{"start":{"line":8,"column":18},"end":{"line":21,"column":3}},"line":8},"2":{"name":"(anonymous_2)","decl":{"start":{"line":17,"column":12},"end":{"line":17,"column":13}},"loc":{"start":{"line":17,"column":26},"end":{"line":17,"column":41}},"line":17},"3":{"name":"(anonymous_3)","decl":{"start":{"line":18,"column":12},"end":{"line":18,"column":13}},"loc":{"start":{"line":18,"column":22},"end":{"line":18,"column":35}},"line":18},"4":{"name":"(anonymous_4)","decl":{"start":{"line":19,"column":13},"end":{"line":19,"column":14}},"loc":{"start":{"line":19,"column":24},"end":{"line":19,"column":39}},"line":19},"5":{"name":"(anonymous_5)","decl":{"start":{"line":20,"column":15},"end":{"line":20,"column":16}},"loc":{"start":{"line":20,"column":21},"end":{"line":20,"column":38}},"line":20}},"branchMap":{},"s":{"0":0,"1":0,"2":0,"3":0,"4":0,"5":0,"6":0,"7":0,"8":0,"9":0,"10":0},"f":{"0":0,"1":0,"2":0,"3":0,"4":0,"5":0},"b":{},"_coverageSchema":"1a1c01bbd47fc00a2c39e90264f33305004495a9","hash":"838f5537a2dba2e83d98bdf46ded31a9740aed67"}
,"D:\\UNIVALLE\\2023-I\\Desarrollo II\\Project\\frontend-hotel-nexus\\src\\pages\\faceRegister\\FaceRegister.jsx": {"path":"D:\\UNIVALLE\\2023-I\\Desarrollo II\\Project\\frontend-hotel-nexus\\src\\pages\\faceRegister\\FaceRegister.jsx","statementMap":{"0":{"start":{"line":14,"column":14},"end":{"line":14,"column":44}},"1":{"start":{"line":16,"column":26},"end":{"line":25,"column":4}},"2":{"start":{"line":27,"column":19},"end":{"line":27,"column":32}},"3":{"start":{"line":28,"column":22},"end":{"line":28,"column":56}},"4":{"start":{"line":30,"column":28},"end":{"line":33,"column":3}},"5":{"start":{"line":31,"column":17},"end":{"line":31,"column":72}},"6":{"start":{"line":32,"column":4},"end":{"line":32,"column":23}},"7":{"start":{"line":35,"column":27},"end":{"line":56,"column":3}},"8":{"start":{"line":36,"column":18},"end":{"line":49,"column":5}},"9":{"start":{"line":51,"column":24},"end":{"line":51,"column":80}},"10":{"start":{"line":53,"column":21},"end":{"line":53,"column":51}},"11":{"start":{"line":55,"column":24},"end":{"line":55,"column":82}},"12":{"start":{"line":59,"column":4},"end":{"line":59,"column":29}},"13":{"start":{"line":61,"column":2},"end":{"line":181,"column":4}},"14":{"start":{"line":67,"column":12},"end":{"line":67,"column":30}},"15":{"start":{"line":87,"column":14},"end":{"line":175,"column":21}},"16":{"start":{"line":190,"column":38},"end":{"line":190,"column":36020}},"17":{"start":{"line":190,"column":42},"end":{"line":190,"column":36009}},"18":{"start":{"line":190,"column":36045},"end":{"line":190,"column":36085}},"19":{"start":{"line":190,"column":36049},"end":{"line":190,"column":36074}},"20":{"start":{"line":190,"column":36086},"end":{"line":190,"column":36094}},"21":{"start":{"line":190,"column":36119},"end":{"line":190,"column":36161}},"22":{"start":{"line":190,"column":36123},"end":{"line":190,"column":36150}},"23":{"start":{"line":190,"column":36162},"end":{"line":190,"column":36170}},"24":{"start":{"line":190,"column":36189},"end":{"line":190,"column":36226}},"25":{"start":{"line":190,"column":36193},"end":{"line":190,"column":36215}},"26":{"start":{"line":190,"column":36245},"end":{"line":190,"column":36285}},"27":{"start":{"line":190,"column":36249},"end":{"line":190,"column":36274}}},"fnMap":{"0":{"name":"FaceRegister","decl":{"start":{"line":13,"column":9},"end":{"line":13,"column":21}},"loc":{"start":{"line":13,"column":24},"end":{"line":182,"column":1}},"line":13},"1":{"name":"(anonymous_1)","decl":{"start":{"line":30,"column":28},"end":{"line":30,"column":29}},"loc":{"start":{"line":30,"column":45},"end":{"line":33,"column":3}},"line":30},"2":{"name":"(anonymous_2)","decl":{"start":{"line":35,"column":27},"end":{"line":35,"column":28}},"loc":{"start":{"line":35,"column":45},"end":{"line":56,"column":3}},"line":35},"3":{"name":"submit","decl":{"start":{"line":58,"column":11},"end":{"line":58,"column":17}},"loc":{"start":{"line":58,"column":26},"end":{"line":60,"column":3}},"line":58},"4":{"name":"(anonymous_4)","decl":{"start":{"line":66,"column":19},"end":{"line":66,"column":20}},"loc":{"start":{"line":66,"column":25},"end":{"line":68,"column":11}},"line":66},"5":{"name":"(anonymous_5)","decl":{"start":{"line":79,"column":13},"end":{"line":79,"column":14}},"loc":{"start":{"line":87,"column":14},"end":{"line":175,"column":21}},"line":87},"6":{"name":"oo_cm","decl":{"start":{"line":190,"column":30},"end":{"line":190,"column":35}},"loc":{"start":{"line":190,"column":37},"end":{"line":190,"column":36021}},"line":190},"7":{"name":"oo_oo","decl":{"start":{"line":190,"column":36031},"end":{"line":190,"column":36036}},"loc":{"start":{"line":190,"column":36044},"end":{"line":190,"column":36095}},"line":190},"8":{"name":"oo_tr","decl":{"start":{"line":190,"column":36105},"end":{"line":190,"column":36110}},"loc":{"start":{"line":190,"column":36118},"end":{"line":190,"column":36171}},"line":190},"9":{"name":"oo_ts","decl":{"start":{"line":190,"column":36181},"end":{"line":190,"column":36186}},"loc":{"start":{"line":190,"column":36188},"end":{"line":190,"column":36227}},"line":190},"10":{"name":"oo_te","decl":{"start":{"line":190,"column":36237},"end":{"line":190,"column":36242}},"loc":{"start":{"line":190,"column":36244},"end":{"line":190,"column":36286}},"line":190}},"branchMap":{"0":{"loc":{"start":{"line":94,"column":34},"end":{"line":94,"column":68}},"type":"cond-expr","locations":[{"start":{"line":94,"column":48},"end":{"line":94,"column":57}},{"start":{"line":94,"column":60},"end":{"line":94,"column":68}}],"line":94},"1":{"loc":{"start":{"line":190,"column":49},"end":{"line":190,"column":36008}},"type":"binary-expr","locations":[{"start":{"line":190,"column":49},"end":{"line":190,"column":86}},{"start":{"line":190,"column":90},"end":{"line":190,"column":36008}}],"line":190}},"s":{"0":1,"1":0,"2":0,"3":0,"4":0,"5":0,"6":0,"7":0,"8":0,"9":0,"10":0,"11":0,"12":0,"13":0,"14":0,"15":0,"16":0,"17":0,"18":0,"19":0,"20":0,"21":0,"22":0,"23":0,"24":0,"25":0,"26":0,"27":0},"f":{"0":1,"1":0,"2":0,"3":0,"4":0,"5":0,"6":0,"7":0,"8":0,"9":0,"10":0},"b":{"0":[0,0],"1":[0,0]},"_coverageSchema":"1a1c01bbd47fc00a2c39e90264f33305004495a9","hash":"ed36883cffdc60d9b1271ac02c08e37a7b69fd21"}
,"D:\\UNIVALLE\\2023-I\\Desarrollo II\\Project\\frontend-hotel-nexus\\src\\pages\\home\\Home.jsx": {"path":"D:\\UNIVALLE\\2023-I\\Desarrollo II\\Project\\frontend-hotel-nexus\\src\\pages\\home\\Home.jsx","statementMap":{"0":{"start":{"line":12,"column":13},"end":{"line":61,"column":1}},"1":{"start":{"line":13,"column":14},"end":{"line":13,"column":36}},"2":{"start":{"line":14,"column":22},"end":{"line":14,"column":56}},"3":{"start":{"line":15,"column":32},"end":{"line":15,"column":46}},"4":{"start":{"line":16,"column":18},"end":{"line":16,"column":37}},"5":{"start":{"line":17,"column":14},"end":{"line":17,"column":57}},"6":{"start":{"line":19,"column":2},"end":{"line":24,"column":9}},"7":{"start":{"line":20,"column":4},"end":{"line":20,"column":21}},"8":{"start":{"line":21,"column":4},"end":{"line":23,"column":13}},"9":{"start":{"line":22,"column":6},"end":{"line":22,"column":24}},"10":{"start":{"line":26,"column":2},"end":{"line":60,"column":4}},"11":{"start":{"line":45,"column":12},"end":{"line":55,"column":14}}},"fnMap":{"0":{"name":"(anonymous_0)","decl":{"start":{"line":12,"column":13},"end":{"line":12,"column":14}},"loc":{"start":{"line":12,"column":19},"end":{"line":61,"column":1}},"line":12},"1":{"name":"(anonymous_1)","decl":{"start":{"line":19,"column":12},"end":{"line":19,"column":13}},"loc":{"start":{"line":19,"column":18},"end":{"line":24,"column":3}},"line":19},"2":{"name":"(anonymous_2)","decl":{"start":{"line":21,"column":15},"end":{"line":21,"column":16}},"loc":{"start":{"line":21,"column":21},"end":{"line":23,"column":5}},"line":21},"3":{"name":"(anonymous_3)","decl":{"start":{"line":44,"column":22},"end":{"line":44,"column":23}},"loc":{"start":{"line":44,"column":32},"end":{"line":56,"column":11}},"line":44}},"branchMap":{"0":{"loc":{"start":{"line":28,"column":7},"end":{"line":28,"column":28}},"type":"binary-expr","locations":[{"start":{"line":28,"column":7},"end":{"line":28,"column":14}},{"start":{"line":28,"column":18},"end":{"line":28,"column":28}}],"line":28},"1":{"loc":{"start":{"line":42,"column":37},"end":{"line":42,"column":67}},"type":"cond-expr","locations":[{"start":{"line":42,"column":51},"end":{"line":42,"column":56}},{"start":{"line":42,"column":59},"end":{"line":42,"column":67}}],"line":42}},"s":{"0":2,"1":0,"2":0,"3":0,"4":0,"5":0,"6":0,"7":0,"8":0,"9":0,"10":0,"11":0},"f":{"0":0,"1":0,"2":0,"3":0},"b":{"0":[0,0],"1":[0,0]},"_coverageSchema":"1a1c01bbd47fc00a2c39e90264f33305004495a9","hash":"913c5b5abc832e56a9cab3bff9ff8d90a99af459"}
,"D:\\UNIVALLE\\2023-I\\Desarrollo II\\Project\\frontend-hotel-nexus\\src\\pages\\home\\links.js": {"path":"D:\\UNIVALLE\\2023-I\\Desarrollo II\\Project\\frontend-hotel-nexus\\src\\pages\\home\\links.js","statementMap":{"0":{"start":{"line":5,"column":14},"end":{"line":5,"column":21}},"1":{"start":{"line":6,"column":21},"end":{"line":6,"column":35}},"2":{"start":{"line":7,"column":15},"end":{"line":7,"column":23}},"3":{"start":{"line":9,"column":19},"end":{"line":9,"column":21}},"4":{"start":{"line":10,"column":24},"end":{"line":10,"column":26}},"5":{"start":{"line":11,"column":16},"end":{"line":11,"column":18}},"6":{"start":{"line":14,"column":2},"end":{"line":73,"column":3}},"7":{"start":{"line":16,"column":6},"end":{"line":33,"column":9}},"8":{"start":{"line":35,"column":6},"end":{"line":52,"column":9}},"9":{"start":{"line":55,"column":6},"end":{"line":72,"column":9}}},"fnMap":{"0":{"name":"generateLinks","decl":{"start":{"line":13,"column":16},"end":{"line":13,"column":29}},"loc":{"start":{"line":13,"column":42},"end":{"line":74,"column":1}},"line":13}},"branchMap":{"0":{"loc":{"start":{"line":14,"column":2},"end":{"line":73,"column":3}},"type":"switch","locations":[{"start":{"line":15,"column":4},"end":{"line":33,"column":9}},{"start":{"line":34,"column":4},"end":{"line":52,"column":9}},{"start":{"line":54,"column":4},"end":{"line":72,"column":9}}],"line":14}},"s":{"0":2,"1":2,"2":2,"3":2,"4":2,"5":2,"6":0,"7":0,"8":0,"9":0},"f":{"0":0},"b":{"0":[0,0,0]},"_coverageSchema":"1a1c01bbd47fc00a2c39e90264f33305004495a9","hash":"d52182cd88088388439d4ff12a7bb3eef0b533f4"}
,"D:\\UNIVALLE\\2023-I\\Desarrollo II\\Project\\frontend-hotel-nexus\\src\\pages\\homePage\\HomePage.jsx": {"path":"D:\\UNIVALLE\\2023-I\\Desarrollo II\\Project\\frontend-hotel-nexus\\src\\pages\\homePage\\HomePage.jsx","statementMap":{"0":{"start":{"line":10,"column":17},"end":{"line":75,"column":1}},"1":{"start":{"line":11,"column":14},"end":{"line":11,"column":40}},"2":{"start":{"line":12,"column":17},"end":{"line":15,"column":3}},"3":{"start":{"line":16,"column":17},"end":{"line":19,"column":3}},"4":{"start":{"line":21,"column":2},"end":{"line":74,"column":4}}},"fnMap":{"0":{"name":"(anonymous_0)","decl":{"start":{"line":10,"column":17},"end":{"line":10,"column":18}},"loc":{"start":{"line":10,"column":23},"end":{"line":75,"column":1}},"line":10}},"branchMap":{},"s":{"0":3,"1":6,"2":5,"3":5,"4":5},"f":{"0":6},"b":{},"_coverageSchema":"1a1c01bbd47fc00a2c39e90264f33305004495a9","hash":"492b066ae3c9a9f32603f3c3863409b3e60b3d65"}
,"D:\\UNIVALLE\\2023-I\\Desarrollo II\\Project\\frontend-hotel-nexus\\src\\pages\\login\\Login.jsx": {"path":"D:\\UNIVALLE\\2023-I\\Desarrollo II\\Project\\frontend-hotel-nexus\\src\\pages\\login\\Login.jsx","statementMap":{"0":{"start":{"line":12,"column":14},"end":{"line":147,"column":1}},"1":{"start":{"line":13,"column":20},"end":{"line":13,"column":43}},"2":{"start":{"line":14,"column":30},"end":{"line":14,"column":42}},"3":{"start":{"line":15,"column":38},"end":{"line":15,"column":50}},"4":{"start":{"line":17,"column":19},"end":{"line":17,"column":32}},"5":{"start":{"line":18,"column":18},"end":{"line":18,"column":37}},"6":{"start":{"line":21,"column":28},"end":{"line":24,"column":3}},"7":{"start":{"line":22,"column":17},"end":{"line":22,"column":71}},"8":{"start":{"line":23,"column":4},"end":{"line":23,"column":23}},"9":{"start":{"line":26,"column":16},"end":{"line":64,"column":3}},"10":{"start":{"line":27,"column":4},"end":{"line":27,"column":23}},"11":{"start":{"line":28,"column":17},"end":{"line":31,"column":5}},"12":{"start":{"line":33,"column":18},"end":{"line":37,"column":5}},"13":{"start":{"line":41,"column":21},"end":{"line":41,"column":51}},"14":{"start":{"line":42,"column":24},"end":{"line":42,"column":82}},"15":{"start":{"line":44,"column":19},"end":{"line":44,"column":23}},"16":{"start":{"line":45,"column":4},"end":{"line":51,"column":5}},"17":{"start":{"line":46,"column":6},"end":{"line":46,"column":25}},"18":{"start":{"line":47,"column":11},"end":{"line":51,"column":5}},"19":{"start":{"line":48,"column":6},"end":{"line":48,"column":26}},"20":{"start":{"line":49,"column":11},"end":{"line":51,"column":5}},"21":{"start":{"line":50,"column":6},"end":{"line":50,"column":32}},"22":{"start":{"line":53,"column":24},"end":{"line":53,"column":69}},"23":{"start":{"line":55,"column":18},"end":{"line":60,"column":5}},"24":{"start":{"line":61,"column":4},"end":{"line":61,"column":33}},"25":{"start":{"line":63,"column":4},"end":{"line":63,"column":22}},"26":{"start":{"line":66,"column":2},"end":{"line":146,"column":4}},"27":{"start":{"line":73,"column":14},"end":{"line":75,"column":44}},"28":{"start":{"line":82,"column":12},"end":{"line":82,"column":26}},"29":{"start":{"line":104,"column":35},"end":{"line":104,"column":60}},"30":{"start":{"line":112,"column":35},"end":{"line":112,"column":64}},"31":{"start":{"line":133,"column":18},"end":{"line":133,"column":40}},"32":{"start":{"line":156,"column":38},"end":{"line":156,"column":36020}},"33":{"start":{"line":156,"column":42},"end":{"line":156,"column":36009}},"34":{"start":{"line":156,"column":36045},"end":{"line":156,"column":36085}},"35":{"start":{"line":156,"column":36049},"end":{"line":156,"column":36074}},"36":{"start":{"line":156,"column":36086},"end":{"line":156,"column":36094}},"37":{"start":{"line":156,"column":36119},"end":{"line":156,"column":36161}},"38":{"start":{"line":156,"column":36123},"end":{"line":156,"column":36150}},"39":{"start":{"line":156,"column":36162},"end":{"line":156,"column":36170}},"40":{"start":{"line":156,"column":36189},"end":{"line":156,"column":36226}},"41":{"start":{"line":156,"column":36193},"end":{"line":156,"column":36215}},"42":{"start":{"line":156,"column":36245},"end":{"line":156,"column":36285}},"43":{"start":{"line":156,"column":36249},"end":{"line":156,"column":36274}}},"fnMap":{"0":{"name":"(anonymous_0)","decl":{"start":{"line":12,"column":14},"end":{"line":12,"column":15}},"loc":{"start":{"line":12,"column":20},"end":{"line":147,"column":1}},"line":12},"1":{"name":"(anonymous_1)","decl":{"start":{"line":21,"column":28},"end":{"line":21,"column":29}},"loc":{"start":{"line":21,"column":45},"end":{"line":24,"column":3}},"line":21},"2":{"name":"(anonymous_2)","decl":{"start":{"line":26,"column":16},"end":{"line":26,"column":17}},"loc":{"start":{"line":26,"column":29},"end":{"line":64,"column":3}},"line":26},"3":{"name":"(anonymous_3)","decl":{"start":{"line":72,"column":21},"end":{"line":72,"column":22}},"loc":{"start":{"line":72,"column":27},"end":{"line":76,"column":13}},"line":72},"4":{"name":"(anonymous_4)","decl":{"start":{"line":81,"column":19},"end":{"line":81,"column":20}},"loc":{"start":{"line":81,"column":25},"end":{"line":83,"column":11}},"line":81},"5":{"name":"(anonymous_5)","decl":{"start":{"line":104,"column":28},"end":{"line":104,"column":29}},"loc":{"start":{"line":104,"column":35},"end":{"line":104,"column":60}},"line":104},"6":{"name":"(anonymous_6)","decl":{"start":{"line":112,"column":28},"end":{"line":112,"column":29}},"loc":{"start":{"line":112,"column":35},"end":{"line":112,"column":64}},"line":112},"7":{"name":"(anonymous_7)","decl":{"start":{"line":132,"column":25},"end":{"line":132,"column":26}},"loc":{"start":{"line":132,"column":31},"end":{"line":134,"column":17}},"line":132},"8":{"name":"oo_cm","decl":{"start":{"line":156,"column":30},"end":{"line":156,"column":35}},"loc":{"start":{"line":156,"column":37},"end":{"line":156,"column":36021}},"line":156},"9":{"name":"oo_oo","decl":{"start":{"line":156,"column":36031},"end":{"line":156,"column":36036}},"loc":{"start":{"line":156,"column":36044},"end":{"line":156,"column":36095}},"line":156},"10":{"name":"oo_tr","decl":{"start":{"line":156,"column":36105},"end":{"line":156,"column":36110}},"loc":{"start":{"line":156,"column":36118},"end":{"line":156,"column":36171}},"line":156},"11":{"name":"oo_ts","decl":{"start":{"line":156,"column":36181},"end":{"line":156,"column":36186}},"loc":{"start":{"line":156,"column":36188},"end":{"line":156,"column":36227}},"line":156},"12":{"name":"oo_te","decl":{"start":{"line":156,"column":36237},"end":{"line":156,"column":36242}},"loc":{"start":{"line":156,"column":36244},"end":{"line":156,"column":36286}},"line":156}},"branchMap":{"0":{"loc":{"start":{"line":45,"column":4},"end":{"line":51,"column":5}},"type":"if","locations":[{"start":{"line":45,"column":4},"end":{"line":51,"column":5}},{"start":{"line":47,"column":11},"end":{"line":51,"column":5}}],"line":45},"1":{"loc":{"start":{"line":47,"column":11},"end":{"line":51,"column":5}},"type":"if","locations":[{"start":{"line":47,"column":11},"end":{"line":51,"column":5}},{"start":{"line":49,"column":11},"end":{"line":51,"column":5}}],"line":47},"2":{"loc":{"start":{"line":49,"column":11},"end":{"line":51,"column":5}},"type":"if","locations":[{"start":{"line":49,"column":11},"end":{"line":51,"column":5}},{"start":{},"end":{}}],"line":49},"3":{"loc":{"start":{"line":73,"column":14},"end":{"line":75,"column":43}},"type":"cond-expr","locations":[{"start":{"line":74,"column":18},"end":{"line":74,"column":43}},{"start":{"line":75,"column":18},"end":{"line":75,"column":43}}],"line":73},"4":{"loc":{"start":{"line":156,"column":49},"end":{"line":156,"column":36008}},"type":"binary-expr","locations":[{"start":{"line":156,"column":49},"end":{"line":156,"column":86}},{"start":{"line":156,"column":90},"end":{"line":156,"column":36008}}],"line":156}},"s":{"0":3,"1":1,"2":0,"3":0,"4":0,"5":0,"6":0,"7":0,"8":0,"9":0,"10":0,"11":0,"12":0,"13":0,"14":0,"15":0,"16":0,"17":0,"18":0,"19":0,"20":0,"21":0,"22":0,"23":0,"24":0,"25":0,"26":0,"27":0,"28":0,"29":0,"30":0,"31":0,"32":0,"33":0,"34":0,"35":0,"36":0,"37":0,"38":0,"39":0,"40":0,"41":0,"42":0,"43":0},"f":{"0":1,"1":0,"2":0,"3":0,"4":0,"5":0,"6":0,"7":0,"8":0,"9":0,"10":0,"11":0,"12":0},"b":{"0":[0,0],"1":[0,0],"2":[0,0],"3":[0,0],"4":[0,0]},"_coverageSchema":"1a1c01bbd47fc00a2c39e90264f33305004495a9","hash":"dd4c0b351ed0a1d7f2302789efd41268064e5211"}
,"D:\\UNIVALLE\\2023-I\\Desarrollo II\\Project\\frontend-hotel-nexus\\src\\pages\\profile\\Profile.jsx": {"path":"D:\\UNIVALLE\\2023-I\\Desarrollo II\\Project\\frontend-hotel-nexus\\src\\pages\\profile\\Profile.jsx","statementMap":{"0":{"start":{"line":14,"column":16},"end":{"line":74,"column":1}},"1":{"start":{"line":15,"column":18},"end":{"line":15,"column":37}},"2":{"start":{"line":17,"column":19},"end":{"line":17,"column":32}},"3":{"start":{"line":18,"column":22},"end":{"line":18,"column":56}},"4":{"start":{"line":19,"column":28},"end":{"line":22,"column":3}},"5":{"start":{"line":23,"column":2},"end":{"line":73,"column":4}},"6":{"start":{"line":28,"column":10},"end":{"line":28,"column":28}}},"fnMap":{"0":{"name":"(anonymous_0)","decl":{"start":{"line":14,"column":16},"end":{"line":14,"column":17}},"loc":{"start":{"line":14,"column":22},"end":{"line":74,"column":1}},"line":14},"1":{"name":"(anonymous_1)","decl":{"start":{"line":27,"column":17},"end":{"line":27,"column":18}},"loc":{"start":{"line":27,"column":23},"end":{"line":29,"column":9}},"line":27}},"branchMap":{"0":{"loc":{"start":{"line":39,"column":9},"end":{"line":39,"column":51}},"type":"binary-expr","locations":[{"start":{"line":39,"column":9},"end":{"line":39,"column":16}},{"start":{"line":39,"column":20},"end":{"line":39,"column":51}}],"line":39},"1":{"loc":{"start":{"line":40,"column":9},"end":{"line":70,"column":9}},"type":"binary-expr","locations":[{"start":{"line":40,"column":9},"end":{"line":40,"column":17}},{"start":{"line":41,"column":10},"end":{"line":69,"column":16}}],"line":40},"2":{"loc":{"start":{"line":46,"column":39},"end":{"line":46,"column":73}},"type":"cond-expr","locations":[{"start":{"line":46,"column":53},"end":{"line":46,"column":62}},{"start":{"line":46,"column":65},"end":{"line":46,"column":73}}],"line":46}},"s":{"0":2,"1":0,"2":0,"3":0,"4":0,"5":0,"6":0},"f":{"0":0,"1":0},"b":{"0":[0,0],"1":[0,0],"2":[0,0]},"_coverageSchema":"1a1c01bbd47fc00a2c39e90264f33305004495a9","hash":"5a54257274a594316602db52c92c59de5071d11e"}
,"D:\\UNIVALLE\\2023-I\\Desarrollo II\\Project\\frontend-hotel-nexus\\src\\pages\\register\\Register.jsx": {"path":"D:\\UNIVALLE\\2023-I\\Desarrollo II\\Project\\frontend-hotel-nexus\\src\\pages\\register\\Register.jsx","statementMap":{"0":{"start":{"line":10,"column":20},"end":{"line":10,"column":46}},"1":{"start":{"line":11,"column":30},"end":{"line":11,"column":42}},"2":{"start":{"line":12,"column":36},"end":{"line":12,"column":48}},"3":{"start":{"line":13,"column":30},"end":{"line":13,"column":42}},"4":{"start":{"line":14,"column":56},"end":{"line":14,"column":68}},"5":{"start":{"line":15,"column":48},"end":{"line":15,"column":60}},"6":{"start":{"line":16,"column":38},"end":{"line":16,"column":50}},"7":{"start":{"line":18,"column":19},"end":{"line":18,"column":32}},"8":{"start":{"line":20,"column":28},"end":{"line":23,"column":3}},"9":{"start":{"line":21,"column":17},"end":{"line":21,"column":72}},"10":{"start":{"line":22,"column":4},"end":{"line":22,"column":23}},"11":{"start":{"line":25,"column":19},"end":{"line":48,"column":3}},"12":{"start":{"line":26,"column":4},"end":{"line":26,"column":23}},"13":{"start":{"line":27,"column":17},"end":{"line":36,"column":5}},"14":{"start":{"line":38,"column":18},"end":{"line":42,"column":5}},"15":{"start":{"line":44,"column":24},"end":{"line":44,"column":80}},"16":{"start":{"line":46,"column":21},"end":{"line":46,"column":51}},"17":{"start":{"line":47,"column":24},"end":{"line":47,"column":82}},"18":{"start":{"line":50,"column":2},"end":{"line":161,"column":4}},"19":{"start":{"line":57,"column":14},"end":{"line":59,"column":44}},"20":{"start":{"line":66,"column":12},"end":{"line":66,"column":26}},"21":{"start":{"line":88,"column":35},"end":{"line":88,"column":60}},"22":{"start":{"line":96,"column":35},"end":{"line":96,"column":63}},"23":{"start":{"line":104,"column":35},"end":{"line":104,"column":60}},"24":{"start":{"line":112,"column":35},"end":{"line":112,"column":73}},"25":{"start":{"line":119,"column":35},"end":{"line":119,"column":69}},"26":{"start":{"line":127,"column":35},"end":{"line":127,"column":64}},"27":{"start":{"line":148,"column":18},"end":{"line":148,"column":37}},"28":{"start":{"line":171,"column":38},"end":{"line":171,"column":36020}},"29":{"start":{"line":171,"column":42},"end":{"line":171,"column":36009}},"30":{"start":{"line":171,"column":36045},"end":{"line":171,"column":36085}},"31":{"start":{"line":171,"column":36049},"end":{"line":171,"column":36074}},"32":{"start":{"line":171,"column":36086},"end":{"line":171,"column":36094}},"33":{"start":{"line":171,"column":36119},"end":{"line":171,"column":36161}},"34":{"start":{"line":171,"column":36123},"end":{"line":171,"column":36150}},"35":{"start":{"line":171,"column":36162},"end":{"line":171,"column":36170}},"36":{"start":{"line":171,"column":36189},"end":{"line":171,"column":36226}},"37":{"start":{"line":171,"column":36193},"end":{"line":171,"column":36215}},"38":{"start":{"line":171,"column":36245},"end":{"line":171,"column":36285}},"39":{"start":{"line":171,"column":36249},"end":{"line":171,"column":36274}}},"fnMap":{"0":{"name":"Register","decl":{"start":{"line":9,"column":9},"end":{"line":9,"column":17}},"loc":{"start":{"line":9,"column":20},"end":{"line":162,"column":1}},"line":9},"1":{"name":"(anonymous_1)","decl":{"start":{"line":20,"column":28},"end":{"line":20,"column":29}},"loc":{"start":{"line":20,"column":45},"end":{"line":23,"column":3}},"line":20},"2":{"name":"(anonymous_2)","decl":{"start":{"line":25,"column":19},"end":{"line":25,"column":20}},"loc":{"start":{"line":25,"column":32},"end":{"line":48,"column":3}},"line":25},"3":{"name":"(anonymous_3)","decl":{"start":{"line":56,"column":21},"end":{"line":56,"column":22}},"loc":{"start":{"line":56,"column":27},"end":{"line":60,"column":13}},"line":56},"4":{"name":"(anonymous_4)","decl":{"start":{"line":65,"column":19},"end":{"line":65,"column":20}},"loc":{"start":{"line":65,"column":25},"end":{"line":67,"column":11}},"line":65},"5":{"name":"(anonymous_5)","decl":{"start":{"line":88,"column":28},"end":{"line":88,"column":29}},"loc":{"start":{"line":88,"column":35},"end":{"line":88,"column":60}},"line":88},"6":{"name":"(anonymous_6)","decl":{"start":{"line":96,"column":28},"end":{"line":96,"column":29}},"loc":{"start":{"line":96,"column":35},"end":{"line":96,"column":63}},"line":96},"7":{"name":"(anonymous_7)","decl":{"start":{"line":104,"column":28},"end":{"line":104,"column":29}},"loc":{"start":{"line":104,"column":35},"end":{"line":104,"column":60}},"line":104},"8":{"name":"(anonymous_8)","decl":{"start":{"line":112,"column":28},"end":{"line":112,"column":29}},"loc":{"start":{"line":112,"column":35},"end":{"line":112,"column":73}},"line":112},"9":{"name":"(anonymous_9)","decl":{"start":{"line":119,"column":28},"end":{"line":119,"column":29}},"loc":{"start":{"line":119,"column":35},"end":{"line":119,"column":69}},"line":119},"10":{"name":"(anonymous_10)","decl":{"start":{"line":127,"column":28},"end":{"line":127,"column":29}},"loc":{"start":{"line":127,"column":35},"end":{"line":127,"column":64}},"line":127},"11":{"name":"(anonymous_11)","decl":{"start":{"line":147,"column":25},"end":{"line":147,"column":26}},"loc":{"start":{"line":147,"column":31},"end":{"line":149,"column":17}},"line":147},"12":{"name":"oo_cm","decl":{"start":{"line":171,"column":30},"end":{"line":171,"column":35}},"loc":{"start":{"line":171,"column":37},"end":{"line":171,"column":36021}},"line":171},"13":{"name":"oo_oo","decl":{"start":{"line":171,"column":36031},"end":{"line":171,"column":36036}},"loc":{"start":{"line":171,"column":36044},"end":{"line":171,"column":36095}},"line":171},"14":{"name":"oo_tr","decl":{"start":{"line":171,"column":36105},"end":{"line":171,"column":36110}},"loc":{"start":{"line":171,"column":36118},"end":{"line":171,"column":36171}},"line":171},"15":{"name":"oo_ts","decl":{"start":{"line":171,"column":36181},"end":{"line":171,"column":36186}},"loc":{"start":{"line":171,"column":36188},"end":{"line":171,"column":36227}},"line":171},"16":{"name":"oo_te","decl":{"start":{"line":171,"column":36237},"end":{"line":171,"column":36242}},"loc":{"start":{"line":171,"column":36244},"end":{"line":171,"column":36286}},"line":171}},"branchMap":{"0":{"loc":{"start":{"line":57,"column":14},"end":{"line":59,"column":43}},"type":"cond-expr","locations":[{"start":{"line":58,"column":18},"end":{"line":58,"column":43}},{"start":{"line":59,"column":18},"end":{"line":59,"column":43}}],"line":57},"1":{"loc":{"start":{"line":171,"column":49},"end":{"line":171,"column":36008}},"type":"binary-expr","locations":[{"start":{"line":171,"column":49},"end":{"line":171,"column":86}},{"start":{"line":171,"column":90},"end":{"line":171,"column":36008}}],"line":171}},"s":{"0":1,"1":0,"2":0,"3":0,"4":0,"5":0,"6":0,"7":0,"8":0,"9":0,"10":0,"11":0,"12":0,"13":0,"14":0,"15":0,"16":0,"17":0,"18":0,"19":0,"20":0,"21":0,"22":0,"23":0,"24":0,"25":0,"26":0,"27":0,"28":0,"29":0,"30":0,"31":0,"32":0,"33":0,"34":0,"35":0,"36":0,"37":0,"38":0,"39":0},"f":{"0":1,"1":0,"2":0,"3":0,"4":0,"5":0,"6":0,"7":0,"8":0,"9":0,"10":0,"11":0,"12":0,"13":0,"14":0,"15":0,"16":0},"b":{"0":[0,0],"1":[0,0]},"_coverageSchema":"1a1c01bbd47fc00a2c39e90264f33305004495a9","hash":"766e2129a2a5dfa8eebef41cea77f7772c2c79e8"}
,"D:\\UNIVALLE\\2023-I\\Desarrollo II\\Project\\frontend-hotel-nexus\\src\\pages\\rooms\\Rooms.jsx": {"path":"D:\\UNIVALLE\\2023-I\\Desarrollo II\\Project\\frontend-hotel-nexus\\src\\pages\\rooms\\Rooms.jsx","statementMap":{"0":{"start":{"line":9,"column":14},"end":{"line":70,"column":1}},"1":{"start":{"line":10,"column":14},"end":{"line":10,"column":37}},"2":{"start":{"line":11,"column":30},"end":{"line":11,"column":42}},"3":{"start":{"line":12,"column":34},"end":{"line":12,"column":46}},"4":{"start":{"line":13,"column":19},"end":{"line":13,"column":32}},"5":{"start":{"line":16,"column":4},"end":{"line":26,"column":7}},"6":{"start":{"line":24,"column":6},"end":{"line":24,"column":20}},"7":{"start":{"line":25,"column":6},"end":{"line":25,"column":22}},"8":{"start":{"line":30,"column":4},"end":{"line":30,"column":23}},"9":{"start":{"line":31,"column":4},"end":{"line":31,"column":15}},"10":{"start":{"line":34,"column":2},"end":{"line":69,"column":4}},"11":{"start":{"line":39,"column":10},"end":{"line":39,"column":28}},"12":{"start":{"line":56,"column":31},"end":{"line":56,"column":56}},"13":{"start":{"line":62,"column":31},"end":{"line":62,"column":58}}},"fnMap":{"0":{"name":"(anonymous_0)","decl":{"start":{"line":9,"column":14},"end":{"line":9,"column":15}},"loc":{"start":{"line":9,"column":20},"end":{"line":70,"column":1}},"line":9},"1":{"name":"sendData","decl":{"start":{"line":15,"column":11},"end":{"line":15,"column":19}},"loc":{"start":{"line":15,"column":22},"end":{"line":27,"column":3}},"line":15},"2":{"name":"(anonymous_2)","decl":{"start":{"line":23,"column":12},"end":{"line":23,"column":13}},"loc":{"start":{"line":23,"column":21},"end":{"line":26,"column":5}},"line":23},"3":{"name":"handleSubmit","decl":{"start":{"line":29,"column":11},"end":{"line":29,"column":23}},"loc":{"start":{"line":29,"column":27},"end":{"line":32,"column":3}},"line":29},"4":{"name":"(anonymous_4)","decl":{"start":{"line":38,"column":17},"end":{"line":38,"column":18}},"loc":{"start":{"line":38,"column":23},"end":{"line":40,"column":9}},"line":38},"5":{"name":"(anonymous_5)","decl":{"start":{"line":56,"column":24},"end":{"line":56,"column":25}},"loc":{"start":{"line":56,"column":31},"end":{"line":56,"column":56}},"line":56},"6":{"name":"(anonymous_6)","decl":{"start":{"line":62,"column":24},"end":{"line":62,"column":25}},"loc":{"start":{"line":62,"column":31},"end":{"line":62,"column":58}},"line":62}},"branchMap":{},"s":{"0":3,"1":1,"2":0,"3":0,"4":0,"5":0,"6":0,"7":0,"8":0,"9":0,"10":0,"11":0,"12":0,"13":0},"f":{"0":1,"1":0,"2":0,"3":0,"4":0,"5":0,"6":0},"b":{},"_coverageSchema":"1a1c01bbd47fc00a2c39e90264f33305004495a9","hash":"cae3ddef3762c32c6c83a21e1bc8c979d6630e3c"}
,"D:\\UNIVALLE\\2023-I\\Desarrollo II\\Project\\frontend-hotel-nexus\\src\\translations\\translations.js": {"path":"D:\\UNIVALLE\\2023-I\\Desarrollo II\\Project\\frontend-hotel-nexus\\src\\translations\\translations.js","statementMap":{"0":{"start":{"line":17,"column":23},"end":{"line":40,"column":1}}},"fnMap":{},"branchMap":{},"s":{"0":2},"f":{},"b":{},"_coverageSchema":"1a1c01bbd47fc00a2c39e90264f33305004495a9","hash":"88366773e8b442eb05a21f1a3391453c2ce940a5"}
}
