TN:
SF:src\App.jsx
FN:10,App
FNF:1
FNH:1
FNDA:3,App
DA:11,3
LF:1
LH:1
BRF:0
BRH:0
end_of_record
TN:
SF:src\main.jsx
FNF:0
FNH:0
DA:11,0
DA:13,0
LF:2
LH:0
BRF:0
BRH:0
end_of_record
TN:
SF:src\components\buttonIcon\ButtonIcon.jsx
FN:9,(anonymous_0)
FN:18,(anonymous_1)
FNF:2
FNH:2
FNDA:3,(anonymous_0)
FNDA:1,(anonymous_1)
DA:9,6
DA:10,3
DA:11,3
DA:12,3
DA:14,3
DA:19,1
DA:20,1
LF:7
LH:7
BRDA:19,0,0,0
BRDA:19,0,1,1
BRDA:20,1,0,1
BRDA:20,1,1,0
BRF:4
BRH:2
end_of_record
TN:
SF:src\components\cardInformation\CardInformation.jsx
FN:5,CardInformation
FNF:1
FNH:1
FNDA:11,CardInformation
DA:6,11
LF:1
LH:1
BRF:0
BRH:0
end_of_record
TN:
SF:src\components\cardMenu\CardMenu.jsx
FN:4,(anonymous_0)
FN:11,(anonymous_1)
FNF:2
FNH:2
FNDA:3,(anonymous_0)
FNDA:1,(anonymous_1)
DA:4,3
DA:5,3
DA:7,3
DA:12,1
LF:4
LH:4
BRDA:18,0,0,0
BRDA:18,0,1,3
BRF:2
BRH:1
end_of_record
TN:
SF:src\components\header\Header.jsx
FN:3,(anonymous_0)
FNF:1
FNH:1
FNDA:1,(anonymous_0)
DA:3,5
DA:4,1
LF:2
LH:2
BRF:0
BRH:0
end_of_record
TN:
SF:src\components\imageSlider\ImageSlider.jsx
FN:13,(anonymous_0)
FN:27,(anonymous_1)
FN:38,(anonymous_2)
FN:49,(anonymous_3)
FN:54,(anonymous_4)
FN:59,(anonymous_5)
FN:64,(anonymous_6)
FN:69,(anonymous_7)
FNF:8
FNH:1
FNDA:10,(anonymous_0)
FNDA:0,(anonymous_1)
FNDA:0,(anonymous_2)
FNDA:0,(anonymous_3)
FNDA:0,(anonymous_4)
FNDA:0,(anonymous_5)
FNDA:0,(anonymous_6)
FNDA:0,(anonymous_7)
DA:11,4
DA:13,4
DA:14,10
DA:16,10
DA:28,0
DA:29,0
DA:31,0
DA:39,0
DA:40,0
DA:42,0
DA:50,0
DA:55,0
DA:60,0
DA:65,0
DA:70,0
LF:15
LH:4
BRDA:28,0,0,0
BRDA:28,0,1,0
BRDA:39,1,0,0
BRDA:39,1,1,0
BRF:4
BRH:0
end_of_record
TN:
SF:src\components\loader\Loader.jsx
FN:3,(anonymous_0)
FNF:1
FNH:1
FNDA:1,(anonymous_0)
DA:3,3
DA:4,1
LF:2
LH:2
BRF:0
BRH:0
end_of_record
TN:
SF:src\components\navDrawer\NavDrawer.jsx
FN:5,(anonymous_0)
FN:14,(anonymous_1)
FN:18,(anonymous_2)
FNF:3
FNH:3
FNDA:3,(anonymous_0)
FNDA:4,(anonymous_1)
FNDA:1,(anonymous_2)
DA:5,5
DA:6,3
DA:8,3
DA:15,4
DA:18,1
LF:5
LH:5
BRF:0
BRH:0
end_of_record
TN:
SF:src\components\navbar\Navbar.jsx
FN:16,(anonymous_0)
FN:45,(anonymous_1)
FN:51,(anonymous_2)
FN:56,(anonymous_3)
FN:67,(anonymous_4)
FN:80,(anonymous_5)
FN:88,(anonymous_6)
FNF:7
FNH:1
FNDA:6,(anonymous_0)
FNDA:0,(anonymous_1)
FNDA:0,(anonymous_2)
FNDA:0,(anonymous_3)
FNDA:0,(anonymous_4)
FNDA:0,(anonymous_5)
FNDA:0,(anonymous_6)
DA:16,4
DA:17,6
DA:18,6
DA:19,6
DA:20,5
DA:22,5
DA:27,5
DA:46,0
DA:52,0
DA:57,0
DA:68,0
DA:80,0
DA:88,0
LF:13
LH:7
BRDA:35,0,0,0
BRDA:35,0,1,5
BRDA:40,1,0,0
BRDA:40,1,1,5
BRDA:49,2,0,0
BRDA:49,2,1,5
BRDA:68,3,0,0
BRDA:68,3,1,0
BRF:8
BRH:3
end_of_record
TN:
SF:src\components\settings\Settings.jsx
FN:11,(anonymous_0)
FN:21,(anonymous_1)
FNF:2
FNH:1
FNDA:1,(anonymous_0)
FNDA:0,(anonymous_1)
DA:11,5
DA:12,1
DA:13,1
DA:14,0
DA:15,0
DA:17,0
DA:22,0
LF:7
LH:3
BRDA:20,0,0,0
BRDA:20,0,1,0
BRDA:25,1,0,0
BRDA:25,1,1,0
BRDA:36,2,0,0
BRDA:36,2,1,0
BRF:6
BRH:0
end_of_record
TN:
SF:src\context\Context.jsx
FN:4,ContextProvider
FNF:1
FNH:1
FNDA:3,ContextProvider
DA:2,8
DA:5,3
DA:11,3
DA:12,3
LF:4
LH:4
BRF:0
BRH:0
end_of_record
TN:
SF:src\functions\changeLanguage.js
FN:1,changeLanguage
FNF:1
FNH:0
FNDA:0,changeLanguage
DA:2,0
LF:1
LH:0
BRDA:2,0,0,0
BRDA:2,0,1,0
BRF:2
BRH:0
end_of_record
TN:
SF:src\hooks\useFetch.js
FN:3,useFetch
FN:8,(anonymous_1)
FN:17,(anonymous_2)
FN:18,(anonymous_3)
FN:19,(anonymous_4)
FN:20,(anonymous_5)
FNF:6
FNH:0
FNDA:0,useFetch
FNDA:0,(anonymous_1)
FNDA:0,(anonymous_2)
FNDA:0,(anonymous_3)
FNDA:0,(anonymous_4)
FNDA:0,(anonymous_5)
DA:4,0
DA:5,0
DA:6,0
DA:8,0
DA:9,0
DA:10,0
DA:17,0
DA:18,0
DA:19,0
DA:20,0
DA:22,0
LF:11
LH:0
BRF:0
BRH:0
end_of_record
TN:
SF:src\pages\faceRegister\FaceRegister.jsx
FN:13,FaceRegister
FN:30,(anonymous_1)
FN:35,(anonymous_2)
FN:58,submit
FN:66,(anonymous_4)
FN:79,(anonymous_5)
FN:190,oo_cm
FN:190,oo_oo
FN:190,oo_tr
FN:190,oo_ts
FN:190,oo_te
FNF:11
FNH:1
FNDA:1,FaceRegister
FNDA:0,(anonymous_1)
FNDA:0,(anonymous_2)
FNDA:0,submit
FNDA:0,(anonymous_4)
FNDA:0,(anonymous_5)
FNDA:0,oo_cm
FNDA:0,oo_oo
FNDA:0,oo_tr
FNDA:0,oo_ts
FNDA:0,oo_te
DA:14,1
DA:16,0
DA:27,0
DA:28,0
DA:30,0
DA:31,0
DA:32,0
DA:35,0
DA:36,0
DA:51,0
DA:53,0
DA:55,0
DA:59,0
DA:61,0
DA:67,0
DA:87,0
DA:190,0
LF:17
LH:1
BRDA:94,0,0,0
BRDA:94,0,1,0
BRDA:190,1,0,0
BRDA:190,1,1,0
BRF:4
BRH:0
end_of_record
TN:
SF:src\pages\home\Home.jsx
FN:12,(anonymous_0)
FN:19,(anonymous_1)
FN:21,(anonymous_2)
FN:44,(anonymous_3)
FNF:4
FNH:0
FNDA:0,(anonymous_0)
FNDA:0,(anonymous_1)
FNDA:0,(anonymous_2)
FNDA:0,(anonymous_3)
DA:12,2
DA:13,0
DA:14,0
DA:15,0
DA:16,0
DA:17,0
DA:19,0
DA:20,0
DA:21,0
DA:22,0
DA:26,0
DA:45,0
LF:12
LH:1
BRDA:28,0,0,0
BRDA:28,0,1,0
BRDA:42,1,0,0
BRDA:42,1,1,0
BRF:4
BRH:0
end_of_record
TN:
SF:src\pages\home\links.js
FN:13,generateLinks
FNF:1
FNH:0
FNDA:0,generateLinks
DA:5,2
DA:6,2
DA:7,2
DA:9,2
DA:10,2
DA:11,2
DA:14,0
DA:16,0
DA:35,0
DA:55,0
LF:10
LH:6
BRDA:14,0,0,0
BRDA:14,0,1,0
BRDA:14,0,2,0
BRF:3
BRH:0
end_of_record
TN:
SF:src\pages\homePage\HomePage.jsx
FN:10,(anonymous_0)
FNF:1
FNH:1
FNDA:6,(anonymous_0)
DA:10,3
DA:11,6
DA:12,5
DA:16,5
DA:21,5
LF:5
LH:5
BRF:0
BRH:0
end_of_record
TN:
SF:src\pages\login\Login.jsx
FN:12,(anonymous_0)
FN:21,(anonymous_1)
FN:26,(anonymous_2)
FN:72,(anonymous_3)
FN:81,(anonymous_4)
FN:104,(anonymous_5)
FN:112,(anonymous_6)
FN:132,(anonymous_7)
FN:156,oo_cm
FN:156,oo_oo
FN:156,oo_tr
FN:156,oo_ts
FN:156,oo_te
FNF:13
FNH:1
FNDA:1,(anonymous_0)
FNDA:0,(anonymous_1)
FNDA:0,(anonymous_2)
FNDA:0,(anonymous_3)
FNDA:0,(anonymous_4)
FNDA:0,(anonymous_5)
FNDA:0,(anonymous_6)
FNDA:0,(anonymous_7)
FNDA:0,oo_cm
FNDA:0,oo_oo
FNDA:0,oo_tr
FNDA:0,oo_ts
FNDA:0,oo_te
DA:12,3
DA:13,1
DA:14,0
DA:15,0
DA:17,0
DA:18,0
DA:21,0
DA:22,0
DA:23,0
DA:26,0
DA:27,0
DA:28,0
DA:33,0
DA:41,0
DA:42,0
DA:44,0
DA:45,0
DA:46,0
DA:47,0
DA:48,0
DA:49,0
DA:50,0
DA:53,0
DA:55,0
DA:61,0
DA:63,0
DA:66,0
DA:73,0
DA:82,0
DA:104,0
DA:112,0
DA:133,0
DA:156,0
LF:33
LH:2
BRDA:45,0,0,0
BRDA:45,0,1,0
BRDA:47,1,0,0
BRDA:47,1,1,0
BRDA:49,2,0,0
BRDA:49,2,1,0
BRDA:73,3,0,0
BRDA:73,3,1,0
BRDA:156,4,0,0
BRDA:156,4,1,0
BRF:10
BRH:0
end_of_record
TN:
SF:src\pages\profile\Profile.jsx
FN:14,(anonymous_0)
FN:27,(anonymous_1)
FNF:2
FNH:0
FNDA:0,(anonymous_0)
FNDA:0,(anonymous_1)
DA:14,2
DA:15,0
DA:17,0
DA:18,0
DA:19,0
DA:23,0
DA:28,0
LF:7
LH:1
BRDA:39,0,0,0
BRDA:39,0,1,0
BRDA:40,1,0,0
BRDA:40,1,1,0
BRDA:46,2,0,0
BRDA:46,2,1,0
BRF:6
BRH:0
end_of_record
TN:
SF:src\pages\register\Register.jsx
FN:9,Register
FN:20,(anonymous_1)
FN:25,(anonymous_2)
FN:56,(anonymous_3)
FN:65,(anonymous_4)
FN:88,(anonymous_5)
FN:96,(anonymous_6)
FN:104,(anonymous_7)
FN:112,(anonymous_8)
FN:119,(anonymous_9)
FN:127,(anonymous_10)
FN:147,(anonymous_11)
FN:171,oo_cm
FN:171,oo_oo
FN:171,oo_tr
FN:171,oo_ts
FN:171,oo_te
FNF:17
FNH:1
FNDA:1,Register
FNDA:0,(anonymous_1)
FNDA:0,(anonymous_2)
FNDA:0,(anonymous_3)
FNDA:0,(anonymous_4)
FNDA:0,(anonymous_5)
FNDA:0,(anonymous_6)
FNDA:0,(anonymous_7)
FNDA:0,(anonymous_8)
FNDA:0,(anonymous_9)
FNDA:0,(anonymous_10)
FNDA:0,(anonymous_11)
FNDA:0,oo_cm
FNDA:0,oo_oo
FNDA:0,oo_tr
FNDA:0,oo_ts
FNDA:0,oo_te
DA:10,1
DA:11,0
DA:12,0
DA:13,0
DA:14,0
DA:15,0
DA:16,0
DA:18,0
DA:20,0
DA:21,0
DA:22,0
DA:25,0
DA:26,0
DA:27,0
DA:38,0
DA:44,0
DA:46,0
DA:47,0
DA:50,0
DA:57,0
DA:66,0
DA:88,0
DA:96,0
DA:104,0
DA:112,0
DA:119,0
DA:127,0
DA:148,0
DA:171,0
LF:29
LH:1
BRDA:57,0,0,0
BRDA:57,0,1,0
BRDA:171,1,0,0
BRDA:171,1,1,0
BRF:4
BRH:0
end_of_record
TN:
SF:src\pages\rooms\Rooms.jsx
FN:9,(anonymous_0)
FN:15,sendData
FN:23,(anonymous_2)
FN:29,handleSubmit
FN:38,(anonymous_4)
FN:56,(anonymous_5)
FN:62,(anonymous_6)
FNF:7
FNH:1
FNDA:1,(anonymous_0)
FNDA:0,sendData
FNDA:0,(anonymous_2)
FNDA:0,handleSubmit
FNDA:0,(anonymous_4)
FNDA:0,(anonymous_5)
FNDA:0,(anonymous_6)
DA:9,3
DA:10,1
DA:11,0
DA:12,0
DA:13,0
DA:16,0
DA:24,0
DA:25,0
DA:30,0
DA:31,0
DA:34,0
DA:39,0
DA:56,0
DA:62,0
LF:14
LH:2
BRF:0
BRH:0
end_of_record
TN:
SF:src\translations\translations.js
FNF:0
FNH:0
DA:17,2
LF:1
LH:1
BRF:0
BRH:0
end_of_record
